<?xml version="1.0" encoding="UTF-8"?>
<testsuite xmlns:xsi="http://www.w3.org/2001/XMLSchema-instance" xsi:noNamespaceSchemaLocation="https://maven.apache.org/surefire/maven-surefire-plugin/xsd/surefire-test-report-3.0.xsd" version="3.0" name="TestSuite" time="4.5" tests="3" errors="0" skipped="0" failures="0">
  <properties>
    <property name="awt.toolkit" value="sun.lwawt.macosx.LWCToolkit"/>
    <property name="java.specification.version" value="12"/>
    <property name="sun.jnu.encoding" value="UTF-8"/>
    <property name="java.class.path" value="/Users/amrinder.singh/TwitterAPI/target/test-classes:/Users/amrinder.singh/TwitterAPI/target/classes:/Users/amrinder.singh/.m2/repository/io/rest-assured/rest-assured/4.1.1/rest-assured-4.1.1.jar:/Users/amrinder.singh/.m2/repository/org/codehaus/groovy/groovy/2.5.6/groovy-2.5.6.jar:/Users/amrinder.singh/.m2/repository/org/codehaus/groovy/groovy-xml/2.5.6/groovy-xml-2.5.6.jar:/Users/amrinder.singh/.m2/repository/org/apache/httpcomponents/httpclient/4.5.3/httpclient-4.5.3.jar:/Users/amrinder.singh/.m2/repository/org/apache/httpcomponents/httpcore/4.4.6/httpcore-4.4.6.jar:/Users/amrinder.singh/.m2/repository/commons-logging/commons-logging/1.2/commons-logging-1.2.jar:/Users/amrinder.singh/.m2/repository/commons-codec/commons-codec/1.9/commons-codec-1.9.jar:/Users/amrinder.singh/.m2/repository/org/apache/httpcomponents/httpmime/4.5.3/httpmime-4.5.3.jar:/Users/amrinder.singh/.m2/repository/org/hamcrest/hamcrest/2.1/hamcrest-2.1.jar:/Users/amrinder.singh/.m2/repository/org/ccil/cowan/tagsoup/tagsoup/1.2.1/tagsoup-1.2.1.jar:/Users/amrinder.singh/.m2/repository/io/rest-assured/json-path/4.1.1/json-path-4.1.1.jar:/Users/amrinder.singh/.m2/repository/org/codehaus/groovy/groovy-json/2.5.6/groovy-json-2.5.6.jar:/Users/amrinder.singh/.m2/repository/io/rest-assured/rest-assured-common/4.1.1/rest-assured-common-4.1.1.jar:/Users/amrinder.singh/.m2/repository/io/rest-assured/xml-path/4.1.1/xml-path-4.1.1.jar:/Users/amrinder.singh/.m2/repository/org/apache/commons/commons-lang3/3.4/commons-lang3-3.4.jar:/Users/amrinder.singh/.m2/repository/javax/xml/bind/jaxb-api/2.3.1/jaxb-api-2.3.1.jar:/Users/amrinder.singh/.m2/repository/javax/activation/javax.activation-api/1.2.0/javax.activation-api-1.2.0.jar:/Users/amrinder.singh/.m2/repository/com/sun/xml/bind/jaxb-osgi/2.3.0.1/jaxb-osgi-2.3.0.1.jar:/Users/amrinder.singh/.m2/repository/org/apache/sling/org.apache.sling.javax.activation/0.1.0/org.apache.sling.javax.activation-0.1.0.jar:/Users/amrinder.singh/.m2/repository/javax/activation/activation/1.1.1/activation-1.1.1.jar:/Users/amrinder.singh/.m2/repository/io/rest-assured/json-schema-validator/4.1.1/json-schema-validator-4.1.1.jar:/Users/amrinder.singh/.m2/repository/com/github/java-json-tools/json-schema-validator/2.2.10/json-schema-validator-2.2.10.jar:/Users/amrinder.singh/.m2/repository/com/github/java-json-tools/json-schema-core/1.2.10/json-schema-core-1.2.10.jar:/Users/amrinder.singh/.m2/repository/com/github/java-json-tools/jackson-coreutils/1.9/jackson-coreutils-1.9.jar:/Users/amrinder.singh/.m2/repository/com/fasterxml/jackson/core/jackson-databind/2.2.3/jackson-databind-2.2.3.jar:/Users/amrinder.singh/.m2/repository/com/fasterxml/jackson/core/jackson-annotations/2.2.3/jackson-annotations-2.2.3.jar:/Users/amrinder.singh/.m2/repository/com/fasterxml/jackson/core/jackson-core/2.2.3/jackson-core-2.2.3.jar:/Users/amrinder.singh/.m2/repository/com/google/guava/guava/16.0.1/guava-16.0.1.jar:/Users/amrinder.singh/.m2/repository/com/github/fge/msg-simple/1.1/msg-simple-1.1.jar:/Users/amrinder.singh/.m2/repository/com/github/fge/btf/1.2/btf-1.2.jar:/Users/amrinder.singh/.m2/repository/com/github/fge/uri-template/0.9/uri-template-0.9.jar:/Users/amrinder.singh/.m2/repository/org/mozilla/rhino/1.7.7.1/rhino-1.7.7.1.jar:/Users/amrinder.singh/.m2/repository/javax/mail/mailapi/1.4.3/mailapi-1.4.3.jar:/Users/amrinder.singh/.m2/repository/joda-time/joda-time/2.9.7/joda-time-2.9.7.jar:/Users/amrinder.singh/.m2/repository/com/googlecode/libphonenumber/libphonenumber/8.0.0/libphonenumber-8.0.0.jar:/Users/amrinder.singh/.m2/repository/com/google/code/findbugs/jsr305/3.0.1/jsr305-3.0.1.jar:/Users/amrinder.singh/.m2/repository/net/sf/jopt-simple/jopt-simple/5.0.3/jopt-simple-5.0.3.jar:/Users/amrinder.singh/.m2/repository/org/testng/testng/6.14.3/testng-6.14.3.jar:/Users/amrinder.singh/.m2/repository/com/beust/jcommander/1.72/jcommander-1.72.jar:/Users/amrinder.singh/.m2/repository/org/apache-extras/beanshell/bsh/2.0b6/bsh-2.0b6.jar:/Users/amrinder.singh/.m2/repository/com/github/scribejava/scribejava-apis/2.5.3/scribejava-apis-2.5.3.jar:/Users/amrinder.singh/.m2/repository/com/github/scribejava/scribejava-core/2.5.3/scribejava-core-2.5.3.jar:/Users/amrinder.singh/.m2/repository/org/apache/logging/log4j/log4j-api/2.12.1/log4j-api-2.12.1.jar:/Users/amrinder.singh/.m2/repository/org/apache/logging/log4j/log4j-core/2.12.1/log4j-core-2.12.1.jar:/Users/amrinder.singh/.m2/repository/com/aventstack/extentreports/3.1.5/extentreports-3.1.5.jar:/Users/amrinder.singh/.m2/repository/org/freemarker/freemarker/2.3.23/freemarker-2.3.23.jar:/Users/amrinder.singh/.m2/repository/org/mongodb/mongodb-driver/3.3.0/mongodb-driver-3.3.0.jar:/Users/amrinder.singh/.m2/repository/org/mongodb/bson/3.3.0/bson-3.3.0.jar:/Users/amrinder.singh/.m2/repository/org/mongodb/mongodb-driver-core/3.3.0/mongodb-driver-core-3.3.0.jar:/Users/amrinder.singh/.m2/repository/org/jsoup/jsoup/1.9.2/jsoup-1.9.2.jar:/Users/amrinder.singh/.m2/repository/com/google/code/gson/gson/2.8.0/gson-2.8.0.jar:/Users/amrinder.singh/.m2/repository/com/relevantcodes/extentreports/2.41.2/extentreports-2.41.2.jar:/Users/amrinder.singh/.m2/repository/org/xerial/sqlite-jdbc/3.8.11.1/sqlite-jdbc-3.8.11.1.jar:"/>
    <property name="java.vm.vendor" value="Oracle Corporation"/>
    <property name="sun.arch.data.model" value="64"/>
    <property name="java.vendor.url" value="https://java.oracle.com/"/>
    <property name="os.name" value="Mac OS X"/>
    <property name="java.vm.specification.version" value="12"/>
    <property name="sun.java.launcher" value="SUN_STANDARD"/>
    <property name="user.country" value="CA"/>
    <property name="sun.boot.library.path" value="/Library/Java/JavaVirtualMachines/jdk-12.0.1.jdk/Contents/Home/lib"/>
    <property name="sun.java.command" value="/Users/amrinder.singh/TwitterAPI/target/surefire/surefirebooter5002437484805150089.jar /Users/amrinder.singh/TwitterAPI/target/surefire 2019-10-15T13-14-24_154-jvmRun1 surefire10130876483971361579tmp surefire_011922581391035494024tmp"/>
    <property name="jdk.debug" value="release"/>
    <property name="surefire.test.class.path" value="/Users/amrinder.singh/TwitterAPI/target/test-classes:/Users/amrinder.singh/TwitterAPI/target/classes:/Users/amrinder.singh/.m2/repository/io/rest-assured/rest-assured/4.1.1/rest-assured-4.1.1.jar:/Users/amrinder.singh/.m2/repository/org/codehaus/groovy/groovy/2.5.6/groovy-2.5.6.jar:/Users/amrinder.singh/.m2/repository/org/codehaus/groovy/groovy-xml/2.5.6/groovy-xml-2.5.6.jar:/Users/amrinder.singh/.m2/repository/org/apache/httpcomponents/httpclient/4.5.3/httpclient-4.5.3.jar:/Users/amrinder.singh/.m2/repository/org/apache/httpcomponents/httpcore/4.4.6/httpcore-4.4.6.jar:/Users/amrinder.singh/.m2/repository/commons-logging/commons-logging/1.2/commons-logging-1.2.jar:/Users/amrinder.singh/.m2/repository/commons-codec/commons-codec/1.9/commons-codec-1.9.jar:/Users/amrinder.singh/.m2/repository/org/apache/httpcomponents/httpmime/4.5.3/httpmime-4.5.3.jar:/Users/amrinder.singh/.m2/repository/org/hamcrest/hamcrest/2.1/hamcrest-2.1.jar:/Users/amrinder.singh/.m2/repository/org/ccil/cowan/tagsoup/tagsoup/1.2.1/tagsoup-1.2.1.jar:/Users/amrinder.singh/.m2/repository/io/rest-assured/json-path/4.1.1/json-path-4.1.1.jar:/Users/amrinder.singh/.m2/repository/org/codehaus/groovy/groovy-json/2.5.6/groovy-json-2.5.6.jar:/Users/amrinder.singh/.m2/repository/io/rest-assured/rest-assured-common/4.1.1/rest-assured-common-4.1.1.jar:/Users/amrinder.singh/.m2/repository/io/rest-assured/xml-path/4.1.1/xml-path-4.1.1.jar:/Users/amrinder.singh/.m2/repository/org/apache/commons/commons-lang3/3.4/commons-lang3-3.4.jar:/Users/amrinder.singh/.m2/repository/javax/xml/bind/jaxb-api/2.3.1/jaxb-api-2.3.1.jar:/Users/amrinder.singh/.m2/repository/javax/activation/javax.activation-api/1.2.0/javax.activation-api-1.2.0.jar:/Users/amrinder.singh/.m2/repository/com/sun/xml/bind/jaxb-osgi/2.3.0.1/jaxb-osgi-2.3.0.1.jar:/Users/amrinder.singh/.m2/repository/org/apache/sling/org.apache.sling.javax.activation/0.1.0/org.apache.sling.javax.activation-0.1.0.jar:/Users/amrinder.singh/.m2/repository/javax/activation/activation/1.1.1/activation-1.1.1.jar:/Users/amrinder.singh/.m2/repository/io/rest-assured/json-schema-validator/4.1.1/json-schema-validator-4.1.1.jar:/Users/amrinder.singh/.m2/repository/com/github/java-json-tools/json-schema-validator/2.2.10/json-schema-validator-2.2.10.jar:/Users/amrinder.singh/.m2/repository/com/github/java-json-tools/json-schema-core/1.2.10/json-schema-core-1.2.10.jar:/Users/amrinder.singh/.m2/repository/com/github/java-json-tools/jackson-coreutils/1.9/jackson-coreutils-1.9.jar:/Users/amrinder.singh/.m2/repository/com/fasterxml/jackson/core/jackson-databind/2.2.3/jackson-databind-2.2.3.jar:/Users/amrinder.singh/.m2/repository/com/fasterxml/jackson/core/jackson-annotations/2.2.3/jackson-annotations-2.2.3.jar:/Users/amrinder.singh/.m2/repository/com/fasterxml/jackson/core/jackson-core/2.2.3/jackson-core-2.2.3.jar:/Users/amrinder.singh/.m2/repository/com/google/guava/guava/16.0.1/guava-16.0.1.jar:/Users/amrinder.singh/.m2/repository/com/github/fge/msg-simple/1.1/msg-simple-1.1.jar:/Users/amrinder.singh/.m2/repository/com/github/fge/btf/1.2/btf-1.2.jar:/Users/amrinder.singh/.m2/repository/com/github/fge/uri-template/0.9/uri-template-0.9.jar:/Users/amrinder.singh/.m2/repository/org/mozilla/rhino/1.7.7.1/rhino-1.7.7.1.jar:/Users/amrinder.singh/.m2/repository/javax/mail/mailapi/1.4.3/mailapi-1.4.3.jar:/Users/amrinder.singh/.m2/repository/joda-time/joda-time/2.9.7/joda-time-2.9.7.jar:/Users/amrinder.singh/.m2/repository/com/googlecode/libphonenumber/libphonenumber/8.0.0/libphonenumber-8.0.0.jar:/Users/amrinder.singh/.m2/repository/com/google/code/findbugs/jsr305/3.0.1/jsr305-3.0.1.jar:/Users/amrinder.singh/.m2/repository/net/sf/jopt-simple/jopt-simple/5.0.3/jopt-simple-5.0.3.jar:/Users/amrinder.singh/.m2/repository/org/testng/testng/6.14.3/testng-6.14.3.jar:/Users/amrinder.singh/.m2/repository/com/beust/jcommander/1.72/jcommander-1.72.jar:/Users/amrinder.singh/.m2/repository/org/apache-extras/beanshell/bsh/2.0b6/bsh-2.0b6.jar:/Users/amrinder.singh/.m2/repository/com/github/scribejava/scribejava-apis/2.5.3/scribejava-apis-2.5.3.jar:/Users/amrinder.singh/.m2/repository/com/github/scribejava/scribejava-core/2.5.3/scribejava-core-2.5.3.jar:/Users/amrinder.singh/.m2/repository/org/apache/logging/log4j/log4j-api/2.12.1/log4j-api-2.12.1.jar:/Users/amrinder.singh/.m2/repository/org/apache/logging/log4j/log4j-core/2.12.1/log4j-core-2.12.1.jar:/Users/amrinder.singh/.m2/repository/com/aventstack/extentreports/3.1.5/extentreports-3.1.5.jar:/Users/amrinder.singh/.m2/repository/org/freemarker/freemarker/2.3.23/freemarker-2.3.23.jar:/Users/amrinder.singh/.m2/repository/org/mongodb/mongodb-driver/3.3.0/mongodb-driver-3.3.0.jar:/Users/amrinder.singh/.m2/repository/org/mongodb/bson/3.3.0/bson-3.3.0.jar:/Users/amrinder.singh/.m2/repository/org/mongodb/mongodb-driver-core/3.3.0/mongodb-driver-core-3.3.0.jar:/Users/amrinder.singh/.m2/repository/org/jsoup/jsoup/1.9.2/jsoup-1.9.2.jar:/Users/amrinder.singh/.m2/repository/com/google/code/gson/gson/2.8.0/gson-2.8.0.jar:/Users/amrinder.singh/.m2/repository/com/relevantcodes/extentreports/2.41.2/extentreports-2.41.2.jar:/Users/amrinder.singh/.m2/repository/org/xerial/sqlite-jdbc/3.8.11.1/sqlite-jdbc-3.8.11.1.jar:"/>
    <property name="sun.cpu.endian" value="little"/>
    <property name="user.home" value="/Users/amrinder.singh"/>
    <property name="user.language" value="en"/>
    <property name="java.specification.vendor" value="Oracle Corporation"/>
    <property name="java.version.date" value="2019-04-16"/>
    <property name="java.home" value="/Library/Java/JavaVirtualMachines/jdk-12.0.1.jdk/Contents/Home"/>
    <property name="file.separator" value="/"/>
    <property name="basedir" value="/Users/amrinder.singh/TwitterAPI"/>
    <property name="java.vm.compressedOopsMode" value="Zero based"/>
    <property name="line.separator" value="&#10;"/>
    <property name="java.vm.specification.vendor" value="Oracle Corporation"/>
    <property name="java.specification.name" value="Java Platform API Specification"/>
    <property name="java.awt.graphicsenv" value="sun.awt.CGraphicsEnvironment"/>
    <property name="surefire.real.class.path" value="/Users/amrinder.singh/TwitterAPI/target/surefire/surefirebooter5002437484805150089.jar"/>
    <property name="sun.management.compiler" value="HotSpot 64-Bit Tiered Compilers"/>
    <property name="java.runtime.version" value="12.0.1+12"/>
    <property name="user.name" value="amrinder.singh"/>
    <property name="path.separator" value=":"/>
    <property name="os.version" value="10.14.6"/>
    <property name="java.runtime.name" value="Java(TM) SE Runtime Environment"/>
    <property name="file.encoding" value="UTF-8"/>
    <property name="java.vm.name" value="Java HotSpot(TM) 64-Bit Server VM"/>
    <property name="localRepository" value="/Users/amrinder.singh/.m2/repository"/>
    <property name="java.vendor.url.bug" value="https://bugreport.java.com/bugreport/"/>
    <property name="java.io.tmpdir" value="/var/folders/7g/7b8g87r50hx26m9m0jryfkghxwxd1x/T/"/>
    <property name="java.version" value="12.0.1"/>
    <property name="user.dir" value="/Users/amrinder.singh/TwitterAPI"/>
    <property name="os.arch" value="x86_64"/>
    <property name="java.vm.specification.name" value="Java Virtual Machine Specification"/>
    <property name="java.library.path" value="/Users/amrinder.singh/Library/Java/Extensions:/Library/Java/Extensions:/Network/Library/Java/Extensions:/System/Library/Java/Extensions:/usr/lib/java:."/>
    <property name="java.vm.info" value="mixed mode, sharing"/>
    <property name="java.vendor" value="Oracle Corporation"/>
    <property name="java.vm.version" value="12.0.1+12"/>
    <property name="sun.io.unicode.encoding" value="UnicodeBig"/>
    <property name="java.class.version" value="56.0"/>
  </properties>
  <testcase name="getLatestTweet" classname="MavenTwitterAPI.TwitterOAuthGetPostDeleteTweet" time="2.4"/>
  <testcase name="createTweet" classname="MavenTwitterAPI.TwitterOAuthGetPostDeleteTweet" time="0.482"/>
  <testcase name="deleteTweet" classname="MavenTwitterAPI.TwitterOAuthGetPostDeleteTweet" time="0.358"/>
</testsuite>