<?xml version="1.0" encoding="UTF-8"?>
<!-- Generated by org.testng.reporters.JUnitReportReporter -->
<testsuite hostname="CA-TOR-WKSTR09Z.globalservs.com" failures="0" tests="3" name="MavenTwitterAPI.test" time="3.079" errors="0" timestamp="11 Oct. 2019 12:49:04 GMT" skipped="0">
  <testcase classname="MavenTwitterAPI.test" name="getLatestTweet" time="2.017"/>
  <testcase classname="MavenTwitterAPI.test" name="createTweet" time="0.477"/>
  <testcase classname="MavenTwitterAPI.test" name="deleteTweet" time="0.585"/>
</testsuite> <!-- MavenTwitterAPI.test -->
