<?xml version="1.0" encoding="UTF-8"?>
<!-- Generated by org.testng.reporters.JUnitReportReporter -->
<testsuite hostname="CA-TOR-WKSTR09Z.globalservs.com" failures="0" tests="1" name="MavenTwitterAPI.AppTest" time="0.003" errors="0" timestamp="15 Sep. 2019 13:42:43 GMT" skipped="0">
  <testcase classname="MavenTwitterAPI.AppTest" name="testApp" time="0.003"/>
</testsuite> <!-- MavenTwitterAPI.AppTest -->
