<?xml version="1.0" encoding="UTF-8"?>
<!-- Generated by org.testng.reporters.JUnitReportReporter -->
<testsuite hostname="CA-TOR-WKSTR09Z.globalservs.com" failures="0" tests="3" name="MavenTwitterAPI.TwitterOAuthGetPostDeleteTweet" time="3.241" errors="0" timestamp="15 Oct. 2019 17:14:29 GMT" skipped="0">
  <testcase classname="MavenTwitterAPI.TwitterOAuthGetPostDeleteTweet" name="getLatestTweet" time="2.398"/>
  <testcase classname="MavenTwitterAPI.TwitterOAuthGetPostDeleteTweet" name="createTweet" time="0.485"/>
  <testcase classname="MavenTwitterAPI.TwitterOAuthGetPostDeleteTweet" name="deleteTweet" time="0.358"/>
</testsuite> <!-- MavenTwitterAPI.TwitterOAuthGetPostDeleteTweet -->
